<?xml version="1.0" encoding="UTF-8"?>
<!-- Generated by org.testng.reporters.JUnitReportReporter -->
<testsuite hostname="Owner-PC" name="TestAnnotations.PrecticeAnnoation" tests="2" failures="0" timestamp="22 Jan 2017 17:16:56 GMT" time="0.047" errors="0">
  <testcase name="loginWitValidUID" time="0.007" classname="TestAnnotations.PrecticeAnnoation"/>
  <testcase name="loginInvalidUID" time="0.040" classname="TestAnnotations.PrecticeAnnoation"/>
</testsuite> <!-- TestAnnotations.PrecticeAnnoation -->
