<?xml version="1.0" encoding="UTF-8"?>
<!-- Generated by org.testng.reporters.JUnitReportReporter -->
<testsuite hostname="DESKTOP-2A6JV2R" name="TestAnnotations.AnnotationTesting" tests="2" failures="0" timestamp="22 Jan 2017 16:32:57 GMT" time="0.011" errors="0">
  <testcase name="testCase2" time="0.003" classname="TestAnnotations.AnnotationTesting"/>
  <testcase name="testCase1" time="0.008" classname="TestAnnotations.AnnotationTesting"/>
</testsuite> <!-- TestAnnotations.AnnotationTesting -->
